<?xml version="1.0" encoding="UTF-8" standalone="no"?>
<!DOCTYPE log SYSTEM "logger.dtd">
<log>
<record>
  <date>2022-05-31T08:26:59.846-0300</date>
  <logger>IGOR TEJO BEZERRA RIBEIRO NOGUEIRA</logger>
  <level>FINE</level>
  <message>File 120210131-IGOR TEJO BEZERRA RIBEIRO NOGUEIRA.zip was received. It was sent by IGOR TEJO BEZERRA RIBEIRO NOGUEIRA from IP 192.168.43.156 at 31-05-2022 08*26*59</message>
</record>
</log>
<?xml version="1.0" encoding="UTF-8" standalone="no"?>
<!DOCTYPE log SYSTEM "logger.dtd">
<log>
<record>
  <date>2022-05-31T08:35:52.674-0300</date>
  <logger>IGOR TEJO BEZERRA RIBEIRO NOGUEIRA</logger>
  <level>FINE</level>
  <message>File 120210131-IGOR TEJO BEZERRA RIBEIRO NOGUEIRA.zip was received. It was sent by IGOR TEJO BEZERRA RIBEIRO NOGUEIRA from IP 192.168.43.156 at 31-05-2022 08*35*52</message>
</record>
</log>
<?xml version="1.0" encoding="UTF-8" standalone="no"?>
<!DOCTYPE log SYSTEM "logger.dtd">
<log>
<record>
  <date>2022-05-31T08:36:05.139-0300</date>
  <logger>IGOR TEJO BEZERRA RIBEIRO NOGUEIRA</logger>
  <level>FINE</level>
  <message>File 120210131-IGOR TEJO BEZERRA RIBEIRO NOGUEIRA.zip was received. It was sent by IGOR TEJO BEZERRA RIBEIRO NOGUEIRA from IP 192.168.43.156 at 31-05-2022 08*36*05</message>
</record>
</log>
<?xml version="1.0" encoding="UTF-8" standalone="no"?>
<!DOCTYPE log SYSTEM "logger.dtd">
<log>
<record>
  <date>2022-06-01T11:46:59.656-0300</date>
  <logger>IGOR TEJO BEZERRA RIBEIRO NOGUEIRA</logger>
  <level>FINE</level>
  <message>File 120210131-IGOR TEJO BEZERRA RIBEIRO NOGUEIRA.zip was received. It was sent by IGOR TEJO BEZERRA RIBEIRO NOGUEIRA from IP 192.168.0.113 at 01-06-2022 11*46*59</message>
</record>
</log>
<?xml version="1.0" encoding="UTF-8" standalone="no"?>
<!DOCTYPE log SYSTEM "logger.dtd">
<log>
<record>
  <date>2022-06-06T15:07:13.608-0300</date>
  <logger>IGOR TEJO BEZERRA RIBEIRO NOGUEIRA</logger>
  <level>FINE</level>
  <message>File 120210131-IGOR TEJO BEZERRA RIBEIRO NOGUEIRA.zip was received. It was sent by IGOR TEJO BEZERRA RIBEIRO NOGUEIRA from IP 192.168.0.113 at 06-06-2022 15*07*13</message>
</record>
