<?xml version="1.0" encoding="UTF-8" standalone="no"?>
<!DOCTYPE log SYSTEM "logger.dtd">
<log>
<record>
  <date>2022-07-08T09:00:30.136-0300</date>
  <logger>IGOR TEJO BEZERRA RIBEIRO NOGUEIRA</logger>
  <level>FINE</level>
  <message>File 120210131-IGOR TEJO BEZERRA RIBEIRO NOGUEIRA.zip was received. It was sent by IGOR TEJO BEZERRA RIBEIRO NOGUEIRA from IP 192.168.0.113 at 08-07-2022 09*00*30</message>
</record>
</log>
<?xml version="1.0" encoding="UTF-8" standalone="no"?>
<!DOCTYPE log SYSTEM "logger.dtd">
<log>
<record>
  <date>2022-07-11T19:17:42.425-0300</date>
  <logger>IGOR TEJO BEZERRA RIBEIRO NOGUEIRA</logger>
  <level>FINE</level>
  <message>File 120210131-IGOR TEJO BEZERRA RIBEIRO NOGUEIRA.zip was received. It was sent by IGOR TEJO BEZERRA RIBEIRO NOGUEIRA from IP 192.168.0.113 at 11-07-2022 19*17*42</message>
</record>
</log>
<?xml version="1.0" encoding="UTF-8" standalone="no"?>
<!DOCTYPE log SYSTEM "logger.dtd">
<log>
<record>
  <date>2022-07-11T19:24:36.714-0300</date>
  <logger>IGOR TEJO BEZERRA RIBEIRO NOGUEIRA</logger>
  <level>FINE</level>
  <message>File 120210131-IGOR TEJO BEZERRA RIBEIRO NOGUEIRA.zip was received. It was sent by IGOR TEJO BEZERRA RIBEIRO NOGUEIRA from IP 192.168.0.113 at 11-07-2022 19*24*36</message>
</record>
