<?xml version="1.0" encoding="UTF-8" standalone="no"?>
<!DOCTYPE log SYSTEM "logger.dtd">
<log>
<record>
  <date>2023-05-02T22:20:35.857-0300</date>
  <logger>IGOR TEJO BEZERRA RIBEIRO NOGUEIRA</logger>
  <level>FINE</level>
  <message>File 120210131-IGOR TEJO BEZERRA RIBEIRO NOGUEIRA.zip was received. It was sent by IGOR TEJO BEZERRA RIBEIRO NOGUEIRA from IP 192.168.43.156 at 02-05-2023 22*20*35</message>
</record>
</log>
<?xml version="1.0" encoding="UTF-8" standalone="no"?>
<!DOCTYPE log SYSTEM "logger.dtd">
<log>
<record>
  <date>2023-05-02T22:29:46.343-0300</date>
  <logger>IGOR TEJO BEZERRA RIBEIRO NOGUEIRA</logger>
  <level>FINE</level>
  <message>File 120210131-IGOR TEJO BEZERRA RIBEIRO NOGUEIRA.zip was received. It was sent by IGOR TEJO BEZERRA RIBEIRO NOGUEIRA from IP 192.168.43.156 at 02-05-2023 22*29*46</message>
</record>
</log>
<?xml version="1.0" encoding="UTF-8" standalone="no"?>
<!DOCTYPE log SYSTEM "logger.dtd">
<log>
<record>
  <date>2023-05-02T22:30:18.724-0300</date>
  <logger>IGOR TEJO BEZERRA RIBEIRO NOGUEIRA</logger>
  <level>FINE</level>
  <message>File 120210131-IGOR TEJO BEZERRA RIBEIRO NOGUEIRA.zip was received. It was sent by IGOR TEJO BEZERRA RIBEIRO NOGUEIRA from IP 192.168.43.156 at 02-05-2023 22*30*18</message>
</record>
</log>
<?xml version="1.0" encoding="UTF-8" standalone="no"?>
<!DOCTYPE log SYSTEM "logger.dtd">
<log>
<record>
  <date>2023-05-02T22:31:48.363-0300</date>
  <logger>IGOR TEJO BEZERRA RIBEIRO NOGUEIRA</logger>
  <level>FINE</level>
  <message>File 120210131-IGOR TEJO BEZERRA RIBEIRO NOGUEIRA.zip was received. It was sent by IGOR TEJO BEZERRA RIBEIRO NOGUEIRA from IP 192.168.43.156 at 02-05-2023 22*31*48</message>
</record>
