<?xml version="1.0" encoding="UTF-8" standalone="no"?>
<!DOCTYPE log SYSTEM "logger.dtd">
<log>
<record>
  <date>2022-06-23T13:27:49.749-0300</date>
  <logger>IGOR TEJO BEZERRA RIBEIRO NOGUEIRA</logger>
  <level>FINE</level>
  <message>File 120210131-IGOR TEJO BEZERRA RIBEIRO NOGUEIRA.zip was received. It was sent by IGOR TEJO BEZERRA RIBEIRO NOGUEIRA from IP 192.168.0.113 at 23-06-2022 13*27*49</message>
</record>
</log>
<?xml version="1.0" encoding="UTF-8" standalone="no"?>
<!DOCTYPE log SYSTEM "logger.dtd">
<log>
<record>
  <date>2022-06-27T18:51:51.345-0300</date>
  <logger>IGOR TEJO BEZERRA RIBEIRO NOGUEIRA</logger>
  <level>FINE</level>
  <message>File 120210131-IGOR TEJO BEZERRA RIBEIRO NOGUEIRA.zip was received. It was sent by IGOR TEJO BEZERRA RIBEIRO NOGUEIRA from IP 192.168.0.113 at 27-06-2022 18*51*51</message>
</record>
</log>
<?xml version="1.0" encoding="UTF-8" standalone="no"?>
<!DOCTYPE log SYSTEM "logger.dtd">
<log>
<record>
  <date>2022-06-27T20:44:02.017-0300</date>
  <logger>IGOR TEJO BEZERRA RIBEIRO NOGUEIRA</logger>
  <level>FINE</level>
  <message>File 120210131-IGOR TEJO BEZERRA RIBEIRO NOGUEIRA.zip was received. It was sent by IGOR TEJO BEZERRA RIBEIRO NOGUEIRA from IP 192.168.0.113 at 27-06-2022 20*44*01</message>
</record>
</log>
<?xml version="1.0" encoding="UTF-8" standalone="no"?>
<!DOCTYPE log SYSTEM "logger.dtd">
<log>
<record>
  <date>2022-06-27T20:52:16.671-0300</date>
  <logger>IGOR TEJO BEZERRA RIBEIRO NOGUEIRA</logger>
  <level>FINE</level>
  <message>File 120210131-IGOR TEJO BEZERRA RIBEIRO NOGUEIRA.zip was received. It was sent by IGOR TEJO BEZERRA RIBEIRO NOGUEIRA from IP 192.168.0.113 at 27-06-2022 20*52*16</message>
</record>
</log>
<?xml version="1.0" encoding="UTF-8" standalone="no"?>
<!DOCTYPE log SYSTEM "logger.dtd">
<log>
<record>
  <date>2022-06-27T22:39:47.596-0300</date>
  <logger>IGOR TEJO BEZERRA RIBEIRO NOGUEIRA</logger>
  <level>FINE</level>
  <message>File 120210131-IGOR TEJO BEZERRA RIBEIRO NOGUEIRA.zip was received. It was sent by IGOR TEJO BEZERRA RIBEIRO NOGUEIRA from IP 192.168.0.113 at 27-06-2022 22*39*47</message>
</record>
